0 silly argv {
0 silly argv   _: [ 'publish' ],
0 silly argv   composed: 'publish',
0 silly argv   lernaVersion: '4.0.0',
0 silly argv   '$0': 'lerna'
0 silly argv }
1 notice cli v4.0.0
2 verbose rootPath /Users/wangandong/Library/Mobile Documents/com~apple~CloudDocs/FELearn/lagou-e-task/part3/module4/task3/lg-element
3 verbose session e7102bb99bd7ed21
4 verbose user-agent lerna/4.0.0/node@v14.17.4+x64 (darwin)
5 warn Yarn's registry proxy is broken, replacing with public npm registry
6 warn If you don't have an npm token, you should exit and run `npm login`
7 silly argv { _: [ 'publish' ], composed: 'publish', lernaVersion: '4.0.0' }
8 verbose rootPath /Users/wangandong/Library/Mobile Documents/com~apple~CloudDocs/FELearn/lagou-e-task/part3/module4/task3/lg-element
9 info current version 0.0.0
10 silly isAnythingCommitted
11 verbose isAnythingCommitted 1
12 silly getCurrentBranch
13 verbose currentBranch master
14 silly remoteBranchExists
15 silly isBehindUpstream
16 silly isBehindUpstream master is behind origin/master by 0 commit(s) and ahead by 0
17 silly hasTags
18 verbose hasTags false
19 info Assuming all packages changed
20 verbose updated lc-lg-button
21 verbose updated lc-lg-form
22 verbose updated lc-lg-formitem
23 verbose updated lc-lg-input
24 verbose updated lc-steps
25 verbose git-describe undefined => "bb598d5"
26 silly git-describe parsed => {"refCount":"13","sha":"bb598d5","isDirty":false}
27 info execute Skipping releases
28 silly lifecycle No script for "preversion" in "lg-element", continuing
29 silly lifecycle No script for "preversion" in "lc-lg-button", continuing
30 silly lifecycle No script for "preversion" in "lc-lg-form", continuing
31 silly lifecycle No script for "preversion" in "lc-lg-formitem", continuing
32 silly lifecycle No script for "preversion" in "lc-lg-input", continuing
33 silly lifecycle No script for "preversion" in "lc-steps", continuing
34 silly lifecycle No script for "version" in "lc-lg-form", continuing
35 silly lifecycle No script for "version" in "lc-lg-input", continuing
36 silly lifecycle No script for "version" in "lc-steps", continuing
37 silly lifecycle No script for "version" in "lc-lg-formitem", continuing
38 silly lifecycle No script for "version" in "lc-lg-button", continuing
39 silly lifecycle No script for "version" in "lg-element", continuing
40 silly gitAdd [
40 silly gitAdd   'packages/form/package.json',
40 silly gitAdd   'packages/input/package.json',
40 silly gitAdd   'packages/steps/package.json',
40 silly gitAdd   'packages/formitem/package.json',
40 silly gitAdd   'packages/button/package.json',
40 silly gitAdd   'lerna.json'
40 silly gitAdd ]
41 silly gitCommit v0.0.1
42 verbose git [ 'commit', '-m', 'v0.0.1' ]
43 silly gitTag v0.0.1
44 verbose git [ 'tag', 'v0.0.1', '-m', 'v0.0.1' ]
45 silly lifecycle No script for "postversion" in "lc-lg-button", continuing
46 silly lifecycle No script for "postversion" in "lc-lg-form", continuing
47 silly lifecycle No script for "postversion" in "lc-lg-formitem", continuing
48 silly lifecycle No script for "postversion" in "lc-lg-input", continuing
49 silly lifecycle No script for "postversion" in "lc-steps", continuing
50 silly lifecycle No script for "postversion" in "lg-element", continuing
51 info git Pushing tags...
52 silly gitPush origin master
53 info publish Publishing packages to npm...
54 info Verifying npm credentials
55 verbose Retrieving npm user profile
56 http fetch GET 200 https://registry.npmjs.org/-/npm/v1/user 4931ms
57 silly npm profile get received {"tfa":false,"name":"lancerwang001","email":"wangandong001@gmail.com","email_verified":true,"created":"2021-08-10T15:12:55.633Z","updated":"2021-08-10T15:43:09.460Z","cidr_whitelist":null,"fullname":"Lancer Wang","twitter":"","github":"LancerWang001"}
58 silly get npm username received {"username":"lancerwang001","tfa":false,"name":"lancerwang001","email":"wangandong001@gmail.com","email_verified":true,"created":"2021-08-10T15:12:55.633Z","updated":"2021-08-10T15:43:09.460Z","cidr_whitelist":null,"fullname":"Lancer Wang","twitter":"","github":"LancerWang001"}
59 silly verifyNpmPackageAccess
60 http fetch GET 200 https://registry.npmjs.org/-/org/lancerwang001/package?format=cli 1417ms (cache updated)
61 info Checking two-factor auth mode
62 verbose Retrieving npm user profile
63 http fetch GET 200 https://registry.npmjs.org/-/npm/v1/user 401ms
64 silly npm profile get received {"tfa":false,"name":"lancerwang001","email":"wangandong001@gmail.com","email_verified":true,"created":"2021-08-10T15:12:55.633Z","updated":"2021-08-10T15:43:09.460Z","cidr_whitelist":null,"fullname":"Lancer Wang","twitter":"","github":"LancerWang001"}
65 silly 2FA false
66 silly getCurrentSHA
67 verbose getCurrentSHA e197bee201f343ac8df4d374a4fb0170ad6ec143
68 silly lifecycle No script for "prepublish" in "lg-element", continuing
69 silly lifecycle No script for "prepare" in "lg-element", continuing
70 silly lifecycle No script for "prepublishOnly" in "lg-element", continuing
71 silly lifecycle No script for "prepack" in "lg-element", continuing
72 verbose pack-directory packages/button
73 verbose pack-directory packages/form
74 verbose pack-directory packages/formitem
75 verbose pack-directory packages/input
76 verbose pack-directory packages/steps
77 silly lifecycle No script for "prepublish" in "lc-lg-button", continuing
78 silly lifecycle No script for "prepublish" in "lc-lg-form", continuing
79 silly lifecycle No script for "prepublish" in "lc-lg-formitem", continuing
80 silly lifecycle No script for "prepublish" in "lc-lg-input", continuing
81 silly lifecycle No script for "prepublish" in "lc-steps", continuing
82 silly lifecycle No script for "prepare" in "lc-lg-button", continuing
83 silly lifecycle No script for "prepare" in "lc-lg-form", continuing
84 silly lifecycle No script for "prepare" in "lc-lg-formitem", continuing
85 silly lifecycle No script for "prepare" in "lc-lg-input", continuing
86 silly lifecycle No script for "prepare" in "lc-steps", continuing
87 silly lifecycle No script for "prepublishOnly" in "lc-lg-button", continuing
88 silly lifecycle No script for "prepublishOnly" in "lc-lg-form", continuing
89 silly lifecycle No script for "prepublishOnly" in "lc-lg-formitem", continuing
90 silly lifecycle No script for "prepublishOnly" in "lc-lg-input", continuing
91 silly lifecycle No script for "prepublishOnly" in "lc-steps", continuing
92 silly lifecycle No script for "prepack" in "lc-lg-button", continuing
93 silly lifecycle No script for "prepack" in "lc-lg-form", continuing
94 silly lifecycle No script for "prepack" in "lc-lg-formitem", continuing
95 silly lifecycle No script for "prepack" in "lc-lg-input", continuing
96 silly lifecycle No script for "prepack" in "lc-steps", continuing
97 silly lifecycle No script for "postpack" in "lc-lg-button", continuing
98 verbose packed packages/button
99 silly lifecycle No script for "postpack" in "lc-lg-formitem", continuing
100 verbose packed packages/formitem
101 silly lifecycle No script for "postpack" in "lc-lg-form", continuing
102 verbose packed packages/form
103 silly lifecycle No script for "postpack" in "lc-lg-input", continuing
104 verbose packed packages/input
105 silly lifecycle No script for "postpack" in "lc-steps", continuing
106 verbose packed packages/steps
107 silly lifecycle No script for "postpack" in "lg-element", continuing
108 verbose publish lc-lg-button
109 verbose publish lc-lg-form
110 verbose publish lc-lg-formitem
111 verbose publish lc-lg-input
112 verbose publish lc-steps
113 http fetch PUT 200 https://registry.npmjs.org/lc-lg-button 1548ms
114 silly lifecycle No script for "publish" in "lc-lg-button", continuing
115 silly lifecycle No script for "postpublish" in "lc-lg-button", continuing
116 success published lc-lg-button 0.0.1
117 notice
118 notice 📦  lc-lg-button@0.0.1
119 notice === Tarball Contents ===
120 notice 1.1kB LICENSE
120 notice 127B  index.js
120 notice 242B  package.json
120 notice 10B   README.md
120 notice 313B  src/button.vue
121 notice === Tarball Details ===
122 notice name:          lc-lg-button
122 notice version:       0.0.1
122 notice filename:      lc-lg-button-0.0.1.tgz
122 notice package size:  1.3 kB
122 notice unpacked size: 1.8 kB
122 notice shasum:        b6a1875d23e1194ceeafbe72f543ed81b45aa21e
122 notice integrity:     sha512-q9N3wEaU1oumg[...]hOTEAXYvYMwbw==
122 notice total files:   5
123 notice
124 http fetch PUT 200 https://registry.npmjs.org/lc-lg-input 3380ms
125 silly lifecycle No script for "publish" in "lc-lg-input", continuing
126 silly lifecycle No script for "postpublish" in "lc-lg-input", continuing
127 success published lc-lg-input 0.0.1
128 notice
129 notice 📦  lc-lg-input@0.0.1
130 notice === Tarball Contents ===
131 notice 1.1kB LICENSE
131 notice 134B  index.js
131 notice 412B  stories/input.stories.js
131 notice 241B  package.json
131 notice 10B   README.md
131 notice 685B  src/formInput.vue
132 notice === Tarball Details ===
133 notice name:          lc-lg-input
133 notice version:       0.0.1
133 notice filename:      lc-lg-input-0.0.1.tgz
133 notice package size:  1.6 kB
133 notice unpacked size: 2.6 kB
133 notice shasum:        62da1381bce5fa25fd1795d331d2ffc142ec6b38
133 notice integrity:     sha512-95XHxNHGQOYd7[...]R7c4KpLXhv4kw==
133 notice total files:   6
134 notice
135 http fetch PUT 200 https://registry.npmjs.org/lc-steps 3929ms
136 silly lifecycle No script for "publish" in "lc-steps", continuing
137 silly lifecycle No script for "postpublish" in "lc-steps", continuing
138 success published lc-steps 0.0.1
139 notice
140 notice 📦  lc-steps@0.0.1
141 notice === Tarball Contents ===
142 notice 1.1kB LICENSE
142 notice 490B  src/steps.css
142 notice 120B  index.js
142 notice 195B  package.json
142 notice 10B   README.md
142 notice 589B  src/Steps.vue
143 notice === Tarball Details ===
144 notice name:          lc-steps
144 notice version:       0.0.1
144 notice filename:      lc-steps-0.0.1.tgz
144 notice package size:  1.6 kB
144 notice unpacked size: 2.5 kB
144 notice shasum:        24ff7ca6c57ddb14f830319fb0c4fcb94eacf500
144 notice integrity:     sha512-tA/TTxEoPwQcL[...]/Vx7bVaZmLS0g==
144 notice total files:   6
145 notice
146 silly lifecycle No script for "publish" in "lc-lg-formitem", continuing
147 silly lifecycle No script for "postpublish" in "lc-lg-formitem", continuing
148 success published lc-lg-formitem 0.0.1
149 notice
150 notice 📦  lc-lg-formitem@0.0.1
151 notice === Tarball Contents ===
152 notice 1.1kB LICENSE
152 notice 149B  index.js
152 notice 258B  package.json
152 notice 10B   README.md
152 notice 924B  src/formItem.vue
153 notice === Tarball Details ===
154 notice name:          lc-lg-formitem
154 notice version:       0.0.1
154 notice filename:      lc-lg-formitem-0.0.1.tgz
154 notice package size:  1.5 kB
154 notice unpacked size: 2.4 kB
154 notice shasum:        ecf5965ce5655b4e5815ce05f0eabc185f5b40ad
154 notice integrity:     sha512-U3wNF6qGNmJEr[...]8sAcAPtWayqhA==
154 notice total files:   5
155 notice
156 http fetch PUT 200 https://registry.npmjs.org/lc-lg-formitem 12740ms
157 silly FetchError: request to https://registry.npmjs.org/lc-lg-form failed, reason: socket hang up
157 silly     at ClientRequest.<anonymous> (/Users/wangandong/.config/yarn/global/node_modules/minipass-fetch/lib/index.js:110:14)
157 silly     at ClientRequest.emit (events.js:400:28)
157 silly     at TLSSocket.socketOnEnd (_http_client.js:499:9)
157 silly     at TLSSocket.emit (events.js:412:35)
157 silly     at endReadableNT (internal/streams/readable.js:1317:12)
157 silly     at processTicksAndRejections (internal/process/task_queues.js:82:21)
157 silly  FetchError: request to https://registry.npmjs.org/lc-lg-form failed, reason: socket hang up
157 silly     at ClientRequest.<anonymous> (/Users/wangandong/.config/yarn/global/node_modules/minipass-fetch/lib/index.js:110:14)
157 silly     at ClientRequest.emit (events.js:400:28)
157 silly     at TLSSocket.socketOnEnd (_http_client.js:499:9)
157 silly     at TLSSocket.emit (events.js:412:35)
157 silly     at endReadableNT (internal/streams/readable.js:1317:12)
157 silly     at processTicksAndRejections (internal/process/task_queues.js:82:21) {
157 silly   code: 'ECONNRESET',
157 silly   errno: 'ECONNRESET',
157 silly   type: 'system'
157 silly }
158 error ECONNRESET request to https://registry.npmjs.org/lc-lg-form failed, reason: socket hang up
159 error FetchError: request to https://registry.npmjs.org/lc-lg-form failed, reason: socket hang up
159 error     at ClientRequest.<anonymous> (/Users/wangandong/.config/yarn/global/node_modules/minipass-fetch/lib/index.js:110:14)
159 error     at ClientRequest.emit (events.js:400:28)
159 error     at TLSSocket.socketOnEnd (_http_client.js:499:9)
159 error     at TLSSocket.emit (events.js:412:35)
159 error     at endReadableNT (internal/streams/readable.js:1317:12)
